<?xml version="1.0" encoding="UTF-8"?>
<!-- Generated by org.testng.reporters.JUnitReportReporter -->
<testsuite skipped="0" hostname="DESKTOP-VGU5P9Q" name="Module1_Login_Test.UpstoxLoginTest" tests="1" failures="0" timestamp="2022-11-19T09:23:57 IST" time="10.231" errors="0">
  <testcase name="verifyUserID" time="10.231" classname="Module1_Login_Test.UpstoxLoginTest"/>
  <system-out/>
</testsuite> <!-- Module1_Login_Test.UpstoxLoginTest -->
