<?xml version="1.0" encoding="UTF-8"?>
<!-- Generated by org.testng.reporters.JUnitReportReporter -->
<testsuite skipped="0" hostname="DESKTOP-VGU5P9Q" name="test.JulyA_SeleniumMaven.demo" tests="1" failures="0" timestamp="2022-11-19T08:50:06 IST" time="3.064" errors="0">
  <testcase name="name" time="3.064" classname="test.JulyA_SeleniumMaven.demo"/>
  <system-out/>
</testsuite> <!-- test.JulyA_SeleniumMaven.demo -->
